<?xml version="1.0" encoding="UTF-8"?>
<!-- Generated by org.testng.reporters.JUnitReportReporter -->
<testsuite name="rockall.rockall.testNgTest" tests="1" time="30.281" ignored="0" failures="0" timestamp="24 Nov 2019 03:20:52 GMT" skipped="0" hostname="DESKTOP-0502D5G" errors="0">
  <testcase name="testParameterWithXML" time="30.281" classname="rockall.rockall.testNgTest"/>
</testsuite> <!-- rockall.rockall.testNgTest -->
